0 info it worked if it ends with ok
1 verbose cli [ 'C:\\Program Files\\nodejs\\\\node.exe',
1 verbose cli   'C:\\Program Files\\nodejs\\node_modules\\npm\\bin\\npm-cli.js',
1 verbose cli   'install',
1 verbose cli   '--save',
1 verbose cli   '..' ]
2 info using npm@2.10.1
3 info using node@v0.12.4
4 verbose install initial load of C:\Users\Gregorio\Documents\GitHub\quiz\package.json
5 verbose installManyTop reading scoped package data from C:\Users\Gregorio\Documents\GitHub\quiz\node_modules\body-parser\package.json
6 verbose installManyTop reading scoped package data from C:\Users\Gregorio\Documents\GitHub\quiz\node_modules\cookie-parser\package.json
7 verbose installManyTop reading scoped package data from C:\Users\Gregorio\Documents\GitHub\quiz\node_modules\debug\package.json
8 verbose installManyTop reading scoped package data from C:\Users\Gregorio\Documents\GitHub\quiz\node_modules\ejs\package.json
9 verbose installManyTop reading scoped package data from C:\Users\Gregorio\Documents\GitHub\quiz\node_modules\express\package.json
10 verbose installManyTop reading scoped package data from C:\Users\Gregorio\Documents\GitHub\quiz\node_modules\express-partials\package.json
11 verbose installManyTop reading scoped package data from C:\Users\Gregorio\Documents\GitHub\quiz\node_modules\morgan\package.json
12 verbose installManyTop reading scoped package data from C:\Users\Gregorio\Documents\GitHub\quiz\node_modules\pg\package.json
13 verbose installManyTop reading scoped package data from C:\Users\Gregorio\Documents\GitHub\quiz\node_modules\pg-hstore\package.json
14 verbose installManyTop reading scoped package data from C:\Users\Gregorio\Documents\GitHub\quiz\node_modules\sequelize\package.json
15 verbose installManyTop reading scoped package data from C:\Users\Gregorio\Documents\GitHub\quiz\node_modules\serve-favicon\package.json
16 verbose installManyTop reading scoped package data from C:\Users\Gregorio\Documents\GitHub\quiz\node_modules\sqlite3\package.json
17 info package.json debug@2.0.0 No license field.
18 info package.json ejs@0.8.8 No license field.
19 info package.json express-partials@0.3.0 No license field.
20 info package.json pg@4.1.1 No license field.
21 info package.json pg-hstore@2.3.2 No license field.
22 info package.json sqlite3@3.0.9 No license field.
23 verbose readDependencies loading dependencies from C:\Users\Gregorio\Documents\GitHub\quiz\package.json
24 silly cache add args [ '..', null ]
25 verbose cache add spec ..
26 silly cache add parsed spec { raw: '..',
26 silly cache add   scope: null,
26 silly cache add   name: null,
26 silly cache add   rawSpec: '..',
26 silly cache add   spec: 'C:\\Users\\Gregorio\\Documents\\GitHub',
26 silly cache add   type: 'local' }
27 error addLocal Could not install C:\Users\Gregorio\Documents\GitHub
28 verbose stack Error: EISDIR, read
28 verbose stack     at Error (native)
29 verbose cwd C:\Users\Gregorio\Documents\GitHub\quiz
30 error Windows_NT 6.3.9600
31 error argv "C:\\Program Files\\nodejs\\\\node.exe" "C:\\Program Files\\nodejs\\node_modules\\npm\\bin\\npm-cli.js" "install" "--save" ".."
32 error node v0.12.4
33 error npm  v2.10.1
34 error code EISDIR
35 error errno -4068
36 error EISDIR, read
37 error If you need help, you may report this error at:
37 error     <https://github.com/npm/npm/issues>
38 verbose exit [ -4068, true ]
